[2007-12-09 00:57:22,server,INFO] Default virtual host: tobi-desktop:9080
[2007-12-09 00:57:22,server,INFO] 2 webapps registered.
[2007-12-09 00:57:22,server,INFO] Snakelets 1.44 using port 9080
[2007-12-09 00:58:02,webapp,ERROR] PAGE '/streapy_config/serverConfig.sn' threw exception: RuntimeError: can not redirect twice or when getOutput() has been called
[2007-12-09 00:58:02,server,WARNING] Error during closing of connection: (107, 'Transport endpoint is not connected')
[2007-12-09 01:01:50,webapp,DEBUG] reloading snakelet module 'webapps.streapy_config.user_auth'
[2007-12-09 01:02:35,webapp,DEBUG] reloading snakelet module 'webapps.streapy_config.user_auth'
[2007-12-09 01:05:49,server,INFO] ----------------------------------------
[2007-12-09 01:05:49,server,INFO] Server is starting! Snakelets 1.44
[2007-12-09 01:05:49,server,INFO] sendfile(2) is NOT available, compatible but slower file serving is used
[2007-12-09 01:05:49,server,INFO] Creating server on "tobi-desktop"
[2007-12-09 01:05:49,server,INFO] creating new server socket
[2007-12-09 01:05:49,plugin,INFO] Loading plugins...
[2007-12-09 01:05:49,server,WARNING] NOTICE: VirtualHost configuration is NOT enabled.
[2007-12-09 01:05:49,server,WARNING] Defaulting to loading all available web apps to the current host.
[2007-12-09 01:05:49,server,INFO] Processing virtual host 'tobi-desktop'
[2007-12-09 01:05:49,server,INFO] Loading webapp 'streapy_config'
[2007-12-09 01:05:49,server,DEBUG] WEBAPP streapy_config (6 snakelets )
[2007-12-09 01:05:49,server,DEBUG]  name = streaPy configuration Application
[2007-12-09 01:05:49,server,DEBUG]   url = /streapy_config/
[2007-12-09 01:05:49,webapp,INFO] Precompiling all Ypages...
[2007-12-09 01:05:49,YpageEngine,DEBUG] parsing ypage "share_file_add.y"... 
[2007-12-09 01:05:49,YpageEngine,DEBUG] compiling...
[2007-12-09 01:05:49,YpageEngine,DEBUG] done (9 ms, 6100 lines/sec)
[2007-12-09 01:05:49,YpageEngine,DEBUG] parsing ypage "share_dir_add.y"... 
[2007-12-09 01:05:49,YpageEngine,DEBUG] compiling...
[2007-12-09 01:05:49,YpageEngine,DEBUG] done (10 ms, 6199 lines/sec)
[2007-12-09 01:05:49,YpageEngine,DEBUG] parsing ypage ".tmp_share_file_change.y"... 
[2007-12-09 01:05:49,YpageEngine,DEBUG] compiling...
[2007-12-09 01:05:49,YpageEngine,DEBUG] done (1 ms, 24000 lines/sec)
[2007-12-09 01:05:49,YpageEngine,DEBUG] parsing ypage "ajax_change_dirshare.y"... 
[2007-12-09 01:05:49,YpageEngine,DEBUG] compiling...
[2007-12-09 01:05:49,YpageEngine,DEBUG] done (9 ms, 6600 lines/sec)
[2007-12-09 01:05:49,YpageEngine,DEBUG] parsing ypage "show_message.y"... 
[2007-12-09 01:05:49,YpageEngine,DEBUG] compiling...
[2007-12-09 01:05:49,YpageEngine,DEBUG] done (1 ms, 6000 lines/sec)
[2007-12-09 01:05:49,YpageEngine,DEBUG] parsing ypage "share_dir_change.y"... 
[2007-12-09 01:05:49,YpageEngine,DEBUG] compiling...
[2007-12-09 01:05:49,YpageEngine,DEBUG] done (9 ms, 2300 lines/sec)
[2007-12-09 01:05:49,YpageEngine,DEBUG] parsing ypage "group_change.y"... 
[2007-12-09 01:05:49,YpageEngine,DEBUG] compiling...
[2007-12-09 01:05:49,YpageEngine,DEBUG] done (1 ms, 23000 lines/sec)
[2007-12-09 01:05:49,YpageEngine,DEBUG] parsing ypage "user_change.y"... 
[2007-12-09 01:05:49,YpageEngine,DEBUG] compiling...
[2007-12-09 01:05:49,YpageEngine,DEBUG] done (1 ms, 23000 lines/sec)
[2007-12-09 01:05:49,YpageEngine,DEBUG] parsing ypage "index.y"... 
[2007-12-09 01:05:49,YpageEngine,DEBUG] compiling...
[2007-12-09 01:05:49,YpageEngine,DEBUG] done (10 ms, 3399 lines/sec)
[2007-12-09 01:05:49,YpageEngine,DEBUG] parsing ypage "ajax_group_change.y"... 
[2007-12-09 01:05:49,YpageEngine,DEBUG] compiling...
[2007-12-09 01:05:49,YpageEngine,DEBUG] done (1 ms, 19000 lines/sec)
[2007-12-09 01:05:49,YpageEngine,DEBUG] parsing ypage "login.y"... 
[2007-12-09 01:05:49,YpageEngine,DEBUG] compiling...
[2007-12-09 01:05:49,YpageEngine,DEBUG] done (1 ms, 2000 lines/sec)
[2007-12-09 01:05:49,YpageEngine,DEBUG] parsing ypage "share_file_change.y"... 
[2007-12-09 01:05:49,YpageEngine,DEBUG] compiling...
[2007-12-09 01:05:49,YpageEngine,DEBUG] done (10 ms, 2399 lines/sec)
[2007-12-09 01:05:49,YpageEngine,DEBUG] parsing ypage "server_config.y"... 
[2007-12-09 01:05:49,YpageEngine,DEBUG] compiling...
[2007-12-09 01:05:49,YpageEngine,DEBUG] done (1 ms, 53000 lines/sec)
[2007-12-09 01:05:49,YpageEngine,DEBUG] parsing ypage "config_template.y"... 
[2007-12-09 01:05:49,YpageEngine,DEBUG] compiling...
[2007-12-09 01:05:49,YpageEngine,DEBUG] done (19 ms, 6250 lines/sec)
[2007-12-09 01:05:49,YpageEngine,DEBUG] parsing ypage ".tmp_config_template.y"... 
[2007-12-09 01:05:49,YpageEngine,DEBUG] compiling...
[2007-12-09 01:05:49,YpageEngine,DEBUG] done (19 ms, 6300 lines/sec)
[2007-12-09 01:05:49,YpageEngine,DEBUG] parsing ypage "group_add.y"... 
[2007-12-09 01:05:49,YpageEngine,DEBUG] compiling...
[2007-12-09 01:05:49,YpageEngine,DEBUG] done (1 ms, 29000 lines/sec)
[2007-12-09 01:05:49,YpageEngine,DEBUG] parsing ypage "ajax_user_change.y"... 
[2007-12-09 01:05:49,YpageEngine,DEBUG] compiling...
[2007-12-09 01:05:49,YpageEngine,DEBUG] done (10 ms, 5699 lines/sec)
[2007-12-09 01:05:49,YpageEngine,DEBUG] parsing ypage ".tmp_ajax_user_change.y"... 
[2007-12-09 01:05:49,YpageEngine,DEBUG] compiling...
[2007-12-09 01:05:49,YpageEngine,DEBUG] done (10 ms, 5299 lines/sec)
[2007-12-09 01:05:49,YpageEngine,DEBUG] parsing ypage ".tmp_ajax_change_fileshare.y"... 
[2007-12-09 01:05:49,YpageEngine,DEBUG] compiling...
[2007-12-09 01:05:49,YpageEngine,DEBUG] done (1 ms, 61000 lines/sec)
[2007-12-09 01:05:49,YpageEngine,DEBUG] parsing ypage "ajax_change_fileshare.y"... 
[2007-12-09 01:05:49,YpageEngine,DEBUG] compiling...
[2007-12-09 01:05:49,YpageEngine,DEBUG] done (1 ms, 61000 lines/sec)
[2007-12-09 01:05:49,YpageEngine,DEBUG] parsing ypage "user_add.y"... 
[2007-12-09 01:05:49,YpageEngine,DEBUG] compiling...
[2007-12-09 01:05:49,YpageEngine,DEBUG] done (9 ms, 5200 lines/sec)
[2007-12-09 01:05:49,server,INFO] Got webapp: [WebApp 'streaPy configuration Application' on vhost 'tobi-desktop', urlprefix=/streapy_config/]
[2007-12-09 01:05:49,server,INFO] Processing virtual host 'tobi-desktop' root webapp 'ROOT'
[2007-12-09 01:05:49,server,DEBUG] WEBAPP ROOT (0 snakelets )
[2007-12-09 01:05:49,server,DEBUG]  name = Web server root
[2007-12-09 01:05:49,server,DEBUG]   url = /
[2007-12-09 01:05:49,webapp,INFO] Precompiling all Ypages...
[2007-12-09 01:05:49,YpageEngine,DEBUG] parsing ypage "index.y"... 
[2007-12-09 01:05:49,YpageEngine,DEBUG] compiling...
[2007-12-09 01:05:49,YpageEngine,DEBUG] done (10 ms, 3999 lines/sec)
[2007-12-09 01:05:49,server,DEBUG] Got webapp: [WebApp 'Web server root' on vhost 'tobi-desktop', urlprefix=/]
[2007-12-09 01:05:49,server,INFO] Default virtual host: tobi-desktop:9080
[2007-12-09 01:05:49,server,INFO] 2 webapps registered.
[2007-12-09 01:05:49,server,INFO] Snakelets 1.44 using port 9080
[2007-12-09 01:05:52,webapp,ERROR] PAGE '/streapy_config/userAdministration.sn' threw exception: RuntimeError: can not redirect twice or when getOutput() has been called
[2007-12-09 01:05:52,server,WARNING] Error during closing of connection: (107, 'Transport endpoint is not connected')
[2007-12-09 01:06:08,server,INFO] ----------------------------------------
[2007-12-09 01:06:08,server,INFO] Server is starting! Snakelets 1.44
[2007-12-09 01:06:08,server,INFO] sendfile(2) is NOT available, compatible but slower file serving is used
[2007-12-09 01:06:08,server,INFO] Creating server on "tobi-desktop"
[2007-12-09 01:06:08,server,INFO] creating new server socket
[2007-12-09 01:06:08,plugin,INFO] Loading plugins...
[2007-12-09 01:06:08,server,WARNING] NOTICE: VirtualHost configuration is NOT enabled.
[2007-12-09 01:06:08,server,WARNING] Defaulting to loading all available web apps to the current host.
[2007-12-09 01:06:08,server,INFO] Processing virtual host 'tobi-desktop'
[2007-12-09 01:06:08,server,INFO] Loading webapp 'streapy_config'
[2007-12-09 01:06:08,server,DEBUG] WEBAPP streapy_config (6 snakelets )
[2007-12-09 01:06:08,server,DEBUG]  name = streaPy configuration Application
[2007-12-09 01:06:08,server,DEBUG]   url = /streapy_config/
[2007-12-09 01:06:08,webapp,INFO] Precompiling all Ypages...
[2007-12-09 01:06:08,YpageEngine,DEBUG] parsing ypage "share_file_add.y"... 
[2007-12-09 01:06:08,YpageEngine,DEBUG] compiling...
[2007-12-09 01:06:08,YpageEngine,DEBUG] done (1 ms, 61000 lines/sec)
[2007-12-09 01:06:08,YpageEngine,DEBUG] parsing ypage "share_dir_add.y"... 
[2007-12-09 01:06:08,YpageEngine,DEBUG] compiling...
[2007-12-09 01:06:08,YpageEngine,DEBUG] done (10 ms, 6199 lines/sec)
[2007-12-09 01:06:08,YpageEngine,DEBUG] parsing ypage ".tmp_share_file_change.y"... 
[2007-12-09 01:06:08,YpageEngine,DEBUG] compiling...
[2007-12-09 01:06:08,YpageEngine,DEBUG] done (9 ms, 2400 lines/sec)
[2007-12-09 01:06:08,YpageEngine,DEBUG] parsing ypage "ajax_change_dirshare.y"... 
[2007-12-09 01:06:08,YpageEngine,DEBUG] compiling...
[2007-12-09 01:06:08,YpageEngine,DEBUG] done (1 ms, 66000 lines/sec)
[2007-12-09 01:06:08,YpageEngine,DEBUG] parsing ypage "show_message.y"... 
[2007-12-09 01:06:08,YpageEngine,DEBUG] compiling...
[2007-12-09 01:06:08,YpageEngine,DEBUG] done (1 ms, 6000 lines/sec)
[2007-12-09 01:06:08,YpageEngine,DEBUG] parsing ypage "share_dir_change.y"... 
[2007-12-09 01:06:08,YpageEngine,DEBUG] compiling...
[2007-12-09 01:06:08,YpageEngine,DEBUG] done (9 ms, 2300 lines/sec)
[2007-12-09 01:06:08,YpageEngine,DEBUG] parsing ypage "group_change.y"... 
[2007-12-09 01:06:08,YpageEngine,DEBUG] compiling...
[2007-12-09 01:06:08,YpageEngine,DEBUG] done (1 ms, 23000 lines/sec)
[2007-12-09 01:06:08,YpageEngine,DEBUG] parsing ypage "user_change.y"... 
[2007-12-09 01:06:08,YpageEngine,DEBUG] compiling...
[2007-12-09 01:06:08,YpageEngine,DEBUG] done (10 ms, 2299 lines/sec)
[2007-12-09 01:06:08,YpageEngine,DEBUG] parsing ypage "index.y"... 
[2007-12-09 01:06:08,YpageEngine,DEBUG] compiling...
[2007-12-09 01:06:08,YpageEngine,DEBUG] done (1 ms, 34000 lines/sec)
[2007-12-09 01:06:08,YpageEngine,DEBUG] parsing ypage "ajax_group_change.y"... 
[2007-12-09 01:06:08,YpageEngine,DEBUG] compiling...
[2007-12-09 01:06:08,YpageEngine,DEBUG] done (1 ms, 19000 lines/sec)
[2007-12-09 01:06:08,YpageEngine,DEBUG] parsing ypage "login.y"... 
[2007-12-09 01:06:08,YpageEngine,DEBUG] compiling...
[2007-12-09 01:06:08,YpageEngine,DEBUG] done (1 ms, 2000 lines/sec)
[2007-12-09 01:06:08,YpageEngine,DEBUG] parsing ypage "share_file_change.y"... 
[2007-12-09 01:06:08,YpageEngine,DEBUG] compiling...
[2007-12-09 01:06:08,YpageEngine,DEBUG] done (10 ms, 2399 lines/sec)
[2007-12-09 01:06:08,YpageEngine,DEBUG] parsing ypage "server_config.y"... 
[2007-12-09 01:06:08,YpageEngine,DEBUG] compiling...
[2007-12-09 01:06:08,YpageEngine,DEBUG] done (9 ms, 5300 lines/sec)
[2007-12-09 01:06:08,YpageEngine,DEBUG] parsing ypage "config_template.y"... 
[2007-12-09 01:06:08,YpageEngine,DEBUG] compiling...
[2007-12-09 01:06:08,YpageEngine,DEBUG] done (20 ms, 6249 lines/sec)
[2007-12-09 01:06:08,YpageEngine,DEBUG] parsing ypage ".tmp_config_template.y"... 
[2007-12-09 01:06:08,YpageEngine,DEBUG] compiling...
[2007-12-09 01:06:08,YpageEngine,DEBUG] done (19 ms, 6300 lines/sec)
[2007-12-09 01:06:08,YpageEngine,DEBUG] parsing ypage "group_add.y"... 
[2007-12-09 01:06:08,YpageEngine,DEBUG] compiling...
[2007-12-09 01:06:08,YpageEngine,DEBUG] done (10 ms, 2899 lines/sec)
[2007-12-09 01:06:08,YpageEngine,DEBUG] parsing ypage "ajax_user_change.y"... 
[2007-12-09 01:06:08,YpageEngine,DEBUG] compiling...
[2007-12-09 01:06:08,YpageEngine,DEBUG] done (1 ms, 57000 lines/sec)
[2007-12-09 01:06:08,YpageEngine,DEBUG] parsing ypage ".tmp_ajax_user_change.y"... 
[2007-12-09 01:06:08,YpageEngine,DEBUG] compiling...
[2007-12-09 01:06:08,YpageEngine,DEBUG] done (9 ms, 5300 lines/sec)
[2007-12-09 01:06:08,YpageEngine,DEBUG] parsing ypage ".tmp_ajax_change_fileshare.y"... 
[2007-12-09 01:06:08,YpageEngine,DEBUG] compiling...
[2007-12-09 01:06:08,YpageEngine,DEBUG] done (10 ms, 6099 lines/sec)
[2007-12-09 01:06:08,YpageEngine,DEBUG] parsing ypage "ajax_change_fileshare.y"... 
[2007-12-09 01:06:08,YpageEngine,DEBUG] compiling...
[2007-12-09 01:06:08,YpageEngine,DEBUG] done (1 ms, 61000 lines/sec)
[2007-12-09 01:06:08,YpageEngine,DEBUG] parsing ypage "user_add.y"... 
[2007-12-09 01:06:08,YpageEngine,DEBUG] compiling...
[2007-12-09 01:06:08,YpageEngine,DEBUG] done (10 ms, 5199 lines/sec)
[2007-12-09 01:06:08,server,INFO] Got webapp: [WebApp 'streaPy configuration Application' on vhost 'tobi-desktop', urlprefix=/streapy_config/]
[2007-12-09 01:06:08,server,INFO] Processing virtual host 'tobi-desktop' root webapp 'ROOT'
[2007-12-09 01:06:08,server,DEBUG] WEBAPP ROOT (0 snakelets )
[2007-12-09 01:06:08,server,DEBUG]  name = Web server root
[2007-12-09 01:06:08,server,DEBUG]   url = /
[2007-12-09 01:06:08,webapp,INFO] Precompiling all Ypages...
[2007-12-09 01:06:08,YpageEngine,DEBUG] parsing ypage "index.y"... 
[2007-12-09 01:06:08,YpageEngine,DEBUG] compiling...
[2007-12-09 01:06:08,YpageEngine,DEBUG] done (9 ms, 4000 lines/sec)
[2007-12-09 01:06:08,server,DEBUG] Got webapp: [WebApp 'Web server root' on vhost 'tobi-desktop', urlprefix=/]
[2007-12-09 01:06:08,server,INFO] Default virtual host: tobi-desktop:9080
[2007-12-09 01:06:08,server,INFO] 2 webapps registered.
[2007-12-09 01:06:08,server,INFO] Snakelets 1.44 using port 9080
[2007-12-09 01:18:40,server,INFO] ----------------------------------------
[2007-12-09 01:18:40,server,INFO] Server is starting! Snakelets 1.44
[2007-12-09 01:18:40,server,INFO] sendfile(2) is NOT available, compatible but slower file serving is used
[2007-12-09 01:18:40,server,INFO] Creating server on "tobi-desktop"
[2007-12-09 01:18:40,server,INFO] creating new server socket
[2007-12-09 01:18:40,plugin,INFO] Loading plugins...
[2007-12-09 01:18:40,server,WARNING] NOTICE: VirtualHost configuration is NOT enabled.
[2007-12-09 01:18:40,server,WARNING] Defaulting to loading all available web apps to the current host.
[2007-12-09 01:18:40,server,INFO] Processing virtual host 'tobi-desktop'
[2007-12-09 01:18:40,server,INFO] Loading webapp 'streapy_config'
[2007-12-09 01:18:40,server,DEBUG] WEBAPP streapy_config (6 snakelets )
[2007-12-09 01:18:40,server,DEBUG]  name = streaPy configuration Application
[2007-12-09 01:18:40,server,DEBUG]   url = /streapy_config/
[2007-12-09 01:18:40,webapp,INFO] Precompiling all Ypages...
[2007-12-09 01:18:40,YpageEngine,DEBUG] parsing ypage "share_file_add.y"... 
[2007-12-09 01:18:40,YpageEngine,DEBUG] compiling...
[2007-12-09 01:18:40,YpageEngine,DEBUG] done (9 ms, 6100 lines/sec)
[2007-12-09 01:18:40,YpageEngine,DEBUG] parsing ypage "share_dir_add.y"... 
[2007-12-09 01:18:40,YpageEngine,DEBUG] compiling...
[2007-12-09 01:18:40,YpageEngine,DEBUG] done (10 ms, 6199 lines/sec)
[2007-12-09 01:18:40,YpageEngine,DEBUG] parsing ypage "ajax_change_dirshare.y"... 
[2007-12-09 01:18:40,YpageEngine,DEBUG] compiling...
[2007-12-09 01:18:40,YpageEngine,DEBUG] done (1 ms, 66000 lines/sec)
[2007-12-09 01:18:40,YpageEngine,DEBUG] parsing ypage "show_message.y"... 
[2007-12-09 01:18:40,YpageEngine,DEBUG] compiling...
[2007-12-09 01:18:40,YpageEngine,DEBUG] done (1 ms, 6000 lines/sec)
[2007-12-09 01:18:40,YpageEngine,DEBUG] parsing ypage "share_dir_change.y"... 
[2007-12-09 01:18:40,YpageEngine,DEBUG] compiling...
[2007-12-09 01:18:40,YpageEngine,DEBUG] done (9 ms, 2300 lines/sec)
[2007-12-09 01:18:40,YpageEngine,DEBUG] parsing ypage "group_change.y"... 
[2007-12-09 01:18:40,YpageEngine,DEBUG] compiling...
[2007-12-09 01:18:40,YpageEngine,DEBUG] done (1 ms, 23000 lines/sec)
[2007-12-09 01:18:40,YpageEngine,DEBUG] parsing ypage "user_change.y"... 
[2007-12-09 01:18:40,YpageEngine,DEBUG] compiling...
[2007-12-09 01:18:40,YpageEngine,DEBUG] done (1 ms, 23000 lines/sec)
[2007-12-09 01:18:40,YpageEngine,DEBUG] parsing ypage "index.y"... 
[2007-12-09 01:18:40,YpageEngine,DEBUG] compiling...
[2007-12-09 01:18:40,YpageEngine,DEBUG] done (1 ms, 34000 lines/sec)
[2007-12-09 01:18:40,YpageEngine,DEBUG] parsing ypage "ajax_group_change.y"... 
[2007-12-09 01:18:40,YpageEngine,DEBUG] compiling...
[2007-12-09 01:18:40,YpageEngine,DEBUG] done (1 ms, 19000 lines/sec)
[2007-12-09 01:18:40,YpageEngine,DEBUG] parsing ypage "login.y"... 
[2007-12-09 01:18:40,YpageEngine,DEBUG] compiling...
[2007-12-09 01:18:40,YpageEngine,DEBUG] done (10 ms, 199 lines/sec)
[2007-12-09 01:18:40,YpageEngine,DEBUG] parsing ypage "share_file_change.y"... 
[2007-12-09 01:18:40,YpageEngine,DEBUG] compiling...
[2007-12-09 01:18:40,YpageEngine,DEBUG] done (1 ms, 24000 lines/sec)
[2007-12-09 01:18:40,YpageEngine,DEBUG] parsing ypage "server_config.y"... 
[2007-12-09 01:18:40,YpageEngine,DEBUG] compiling...
[2007-12-09 01:18:40,YpageEngine,DEBUG] done (1 ms, 53000 lines/sec)
[2007-12-09 01:18:40,YpageEngine,DEBUG] parsing ypage "config_template.y"... 
[2007-12-09 01:18:40,YpageEngine,DEBUG] compiling...
[2007-12-09 01:18:40,YpageEngine,DEBUG] done (9 ms, 12500 lines/sec)
[2007-12-09 01:18:40,YpageEngine,DEBUG] parsing ypage "group_add.y"... 
[2007-12-09 01:18:40,YpageEngine,DEBUG] compiling...
[2007-12-09 01:18:40,YpageEngine,DEBUG] done (1 ms, 29000 lines/sec)
[2007-12-09 01:18:40,YpageEngine,DEBUG] parsing ypage "ajax_user_change.y"... 
[2007-12-09 01:18:40,YpageEngine,DEBUG] compiling...
[2007-12-09 01:18:40,YpageEngine,DEBUG] done (10 ms, 5699 lines/sec)
[2007-12-09 01:18:40,YpageEngine,DEBUG] parsing ypage "ajax_change_fileshare.y"... 
[2007-12-09 01:18:40,YpageEngine,DEBUG] compiling...
[2007-12-09 01:18:40,YpageEngine,DEBUG] done (1 ms, 61000 lines/sec)
[2007-12-09 01:18:40,YpageEngine,DEBUG] parsing ypage ".tmp_login.y"... 
[2007-12-09 01:18:40,YpageEngine,DEBUG] compiling...
[2007-12-09 01:18:40,YpageEngine,DEBUG] done (10 ms, 199 lines/sec)
[2007-12-09 01:18:40,YpageEngine,DEBUG] parsing ypage "user_add.y"... 
[2007-12-09 01:18:40,YpageEngine,DEBUG] compiling...
[2007-12-09 01:18:40,YpageEngine,DEBUG] done (1 ms, 52000 lines/sec)
[2007-12-09 01:18:40,server,INFO] Got webapp: [WebApp 'streaPy configuration Application' on vhost 'tobi-desktop', urlprefix=/streapy_config/]
[2007-12-09 01:18:40,server,INFO] Processing virtual host 'tobi-desktop' root webapp 'ROOT'
[2007-12-09 01:18:40,server,DEBUG] WEBAPP ROOT (0 snakelets )
[2007-12-09 01:18:40,server,DEBUG]  name = Web server root
[2007-12-09 01:18:40,server,DEBUG]   url = /
[2007-12-09 01:18:40,webapp,INFO] Precompiling all Ypages...
[2007-12-09 01:18:40,YpageEngine,DEBUG] parsing ypage "index.y"... 
[2007-12-09 01:18:40,YpageEngine,DEBUG] compiling...
[2007-12-09 01:18:40,YpageEngine,DEBUG] done (1 ms, 40000 lines/sec)
[2007-12-09 01:18:40,server,DEBUG] Got webapp: [WebApp 'Web server root' on vhost 'tobi-desktop', urlprefix=/]
[2007-12-09 01:18:40,server,INFO] Default virtual host: tobi-desktop:9080
[2007-12-09 01:18:40,server,INFO] 2 webapps registered.
[2007-12-09 01:18:40,server,INFO] Snakelets 1.44 using port 9080
[2007-12-09 01:20:12,webapp,DEBUG] reloading snakelet module 'webapps.streapy_config.server_config'
[2007-12-09 01:20:29,webapp,DEBUG] reloading snakelet module 'webapps.streapy_config.server_config'
[2007-12-09 01:27:52,server,INFO] ----------------------------------------
[2007-12-09 01:27:52,server,INFO] Server is starting! Snakelets 1.44
[2007-12-09 01:27:52,server,INFO] sendfile(2) is NOT available, compatible but slower file serving is used
[2007-12-09 01:27:52,server,INFO] Creating server on "parvus"
[2007-12-09 01:27:52,server,INFO] creating new server socket
[2007-12-09 01:27:52,plugin,INFO] Loading plugins...
[2007-12-09 01:27:52,server,WARNING] NOTICE: VirtualHost configuration is NOT enabled.
[2007-12-09 01:27:52,server,WARNING] Defaulting to loading all available web apps to the current host.
[2007-12-09 01:27:52,server,INFO] Processing virtual host 'parvus'
[2007-12-09 01:27:52,server,INFO] Loading webapp 'streapy_config'
[2007-12-09 01:27:52,server,DEBUG] WEBAPP streapy_config (6 snakelets )
[2007-12-09 01:27:52,server,DEBUG]  name = streaPy configuration Application
[2007-12-09 01:27:52,server,DEBUG]   url = /streapy_config/
[2007-12-09 01:27:52,webapp,INFO] Precompiling all Ypages...
[2007-12-09 01:27:52,YpageEngine,DEBUG] parsing ypage "ajax_user_change.y"... 
[2007-12-09 01:27:52,YpageEngine,DEBUG] compiling...
[2007-12-09 01:27:52,YpageEngine,DEBUG] done (40 ms, 1424 lines/sec)
[2007-12-09 01:27:52,YpageEngine,DEBUG] parsing ypage "group_change.y"... 
[2007-12-09 01:27:52,YpageEngine,DEBUG] compiling...
[2007-12-09 01:27:52,YpageEngine,DEBUG] done (10 ms, 2299 lines/sec)
[2007-12-09 01:27:52,YpageEngine,DEBUG] parsing ypage "show_message.y"... 
[2007-12-09 01:27:52,YpageEngine,DEBUG] compiling...
[2007-12-09 01:27:52,YpageEngine,DEBUG] done (9 ms, 600 lines/sec)
[2007-12-09 01:27:52,YpageEngine,DEBUG] parsing ypage "share_dir_add.y"... 
[2007-12-09 01:27:52,YpageEngine,DEBUG] compiling...
[2007-12-09 01:27:52,YpageEngine,DEBUG] done (30 ms, 2066 lines/sec)
[2007-12-09 01:27:52,YpageEngine,DEBUG] parsing ypage "index.y"... 
[2007-12-09 01:27:52,YpageEngine,DEBUG] compiling...
[2007-12-09 01:27:52,YpageEngine,DEBUG] done (10 ms, 3399 lines/sec)
[2007-12-09 01:27:52,YpageEngine,DEBUG] parsing ypage "user_change.y"... 
[2007-12-09 01:27:52,YpageEngine,DEBUG] compiling...
[2007-12-09 01:27:52,YpageEngine,DEBUG] done (10 ms, 2299 lines/sec)
[2007-12-09 01:27:52,YpageEngine,DEBUG] parsing ypage "share_file_add.y"... 
[2007-12-09 01:27:52,YpageEngine,DEBUG] compiling...
[2007-12-09 01:27:52,YpageEngine,DEBUG] done (19 ms, 3050 lines/sec)
[2007-12-09 01:27:52,YpageEngine,DEBUG] parsing ypage "share_dir_change.y"... 
[2007-12-09 01:27:52,YpageEngine,DEBUG] compiling...
[2007-12-09 01:27:52,YpageEngine,DEBUG] done (20 ms, 1149 lines/sec)
[2007-12-09 01:27:52,YpageEngine,DEBUG] parsing ypage "group_add.y"... 
[2007-12-09 01:27:52,YpageEngine,DEBUG] compiling...
[2007-12-09 01:27:52,YpageEngine,DEBUG] done (10 ms, 2899 lines/sec)
[2007-12-09 01:27:52,YpageEngine,DEBUG] parsing ypage "ajax_group_change.y"... 
[2007-12-09 01:27:52,YpageEngine,DEBUG] compiling...
[2007-12-09 01:27:52,YpageEngine,DEBUG] done (10 ms, 1899 lines/sec)
[2007-12-09 01:27:52,YpageEngine,DEBUG] parsing ypage "login.y"... 
[2007-12-09 01:27:52,YpageEngine,DEBUG] compiling...
[2007-12-09 01:27:52,YpageEngine,DEBUG] done (1 ms, 2000 lines/sec)
[2007-12-09 01:27:52,YpageEngine,DEBUG] parsing ypage "ajax_change_dirshare.y"... 
[2007-12-09 01:27:52,YpageEngine,DEBUG] compiling...
[2007-12-09 01:27:52,YpageEngine,DEBUG] done (29 ms, 2200 lines/sec)
[2007-12-09 01:27:52,YpageEngine,DEBUG] parsing ypage "server_config.y"... 
[2007-12-09 01:27:52,YpageEngine,DEBUG] compiling...
[2007-12-09 01:27:52,YpageEngine,DEBUG] done (20 ms, 2649 lines/sec)
[2007-12-09 01:27:52,YpageEngine,DEBUG] parsing ypage "share_file_change.y"... 
[2007-12-09 01:27:52,YpageEngine,DEBUG] compiling...
[2007-12-09 01:27:52,YpageEngine,DEBUG] done (10 ms, 2399 lines/sec)
[2007-12-09 01:27:52,YpageEngine,DEBUG] parsing ypage "config_template.y"... 
[2007-12-09 01:27:52,YpageEngine,DEBUG] compiling...
[2007-12-09 01:27:52,YpageEngine,DEBUG] done (69 ms, 1785 lines/sec)
[2007-12-09 01:27:52,YpageEngine,DEBUG] parsing ypage "user_add.y"... 
[2007-12-09 01:27:52,YpageEngine,DEBUG] compiling...
[2007-12-09 01:27:52,YpageEngine,DEBUG] done (20 ms, 2599 lines/sec)
[2007-12-09 01:27:52,YpageEngine,DEBUG] parsing ypage "ajax_change_fileshare.y"... 
[2007-12-09 01:27:52,YpageEngine,DEBUG] compiling...
[2007-12-09 01:27:52,YpageEngine,DEBUG] done (20 ms, 3049 lines/sec)
[2007-12-09 01:27:52,server,INFO] Got webapp: [WebApp 'streaPy configuration Application' on vhost 'parvus', urlprefix=/streapy_config/]
[2007-12-09 01:27:52,server,INFO] Processing virtual host 'parvus' root webapp 'ROOT'
[2007-12-09 01:27:52,server,DEBUG] WEBAPP ROOT (0 snakelets )
[2007-12-09 01:27:52,server,DEBUG]  name = Web server root
[2007-12-09 01:27:52,server,DEBUG]   url = /
[2007-12-09 01:27:52,webapp,INFO] Precompiling all Ypages...
[2007-12-09 01:27:52,YpageEngine,DEBUG] parsing ypage "index.y"... 
[2007-12-09 01:27:52,YpageEngine,DEBUG] compiling...
[2007-12-09 01:27:52,YpageEngine,DEBUG] done (20 ms, 1999 lines/sec)
[2007-12-09 01:27:52,server,DEBUG] Got webapp: [WebApp 'Web server root' on vhost 'parvus', urlprefix=/]
[2007-12-09 01:27:52,server,INFO] Default virtual host: parvus:9080
[2007-12-09 01:27:52,server,INFO] 2 webapps registered.
[2007-12-09 01:27:52,server,INFO] Snakelets 1.44 using port 9080
[2007-12-09 01:30:13,server,WARNING] Server got a keyboard interrupt signal
[2007-12-09 01:30:13,server,WARNING] Server is shutting down.
[2007-12-09 01:30:13,server,WARNING] ----------------------------------------
[2007-12-09 01:30:13,server,INFO] Closing down webapps...
[2007-12-09 01:30:13,server,DEBUG] closing [WebApp 'streaPy configuration Application' on vhost 'parvus', urlprefix=/streapy_config/]
[2007-12-09 01:30:13,server,DEBUG] closing [WebApp 'Web server root' on vhost 'parvus', urlprefix=/]
[2007-12-09 01:30:13,plugin,INFO] Stopping plugins...
[2007-12-09 01:30:13,server,INFO] Exiting.
